[ 2019-04-20T22:00:51+08:00 ] 172.26.115.141 39.98.44.169 GET /index/api/order
[ log ] www.3b4y2.cn/index/api/order [运行时间：0.075010s][吞吐率：13.33req/s] [内存消耗：3,431.41kb] [文件加载：57]
[ info ] [ LANG ] C:\Users\Administrator\Desktop\youpi\UPUPW_ANK_W64\WebRoot\Vhosts\weipan21\thinkphp\lang\zh-cn.php
[ info ] [ LANG ] C:\Users\Administrator\Desktop\youpi\UPUPW_ANK_W64\WebRoot\Vhosts\weipan21/application/lang\zh-cn.php
[ info ] [ ROUTE ] array (
  'type' => 'module',
  'module' => 
  array (
    0 => 'index',
    1 => 'api',
    2 => 'order',
  ),
)
[ info ] [ HEADER ] array (
  'cookie' => 'PHPSESSID=eqh6g23c8vfjunpambusbkp2l4; think_var=zh-cn',
  'accept-language' => 'zh-CN,zh;q=0.9',
  'accept-encoding' => 'gzip, deflate',
  'referer' => 'http://www.3b4y2.cn/coller.html',
  'user-agent' => 'Mozilla/5.0 (Windows NT 10.0; WOW64) AppleWebKit/537.36 (KHTML, like Gecko) Chrome/65.0.3325.181 Safari/537.36',
  'x-requested-with' => 'XMLHttpRequest',
  'accept' => '*/*',
  'connection' => 'close',
  'host' => 'www.3b4y2.cn',
)
[ info ] [ PARAM ] array (
  '/index/api/order' => '',
)
[ info ] [ LANG ] C:\Users\Administrator\Desktop\youpi\UPUPW_ANK_W64\WebRoot\Vhosts\weipan21/application/index\lang\zh-cn.php
[ info ] [ DB ] INIT mysql
[ info ] [ RUN ] app\index\controller\Api->order[ C:\Users\Administrator\Desktop\youpi\UPUPW_ANK_W64\WebRoot\Vhosts\weipan21\application\index\controller\Api.php ]
[ info ] [ DB ] INIT mysql
[ info ] [ DB ] INIT mysql
[ info ] [ DB ] INIT mysql
[ info ] [ DB ] INIT mysql
[ info ] [ CACHE ] INIT File
[ info ] [ LOG ] INIT File

---------------------------------------------------------------
[ 2019-04-20T22:00:51+08:00 ] 172.26.115.141 39.98.44.169 GET /index/api/allotorder
[ log ] www.3b4y2.cn/index/api/allotorder [运行时间：0.045757s][吞吐率：21.85req/s] [内存消耗：3,268.48kb] [文件加载：54]
[ info ] [ LANG ] C:\Users\Administrator\Desktop\youpi\UPUPW_ANK_W64\WebRoot\Vhosts\weipan21\thinkphp\lang\zh-cn.php
[ info ] [ LANG ] C:\Users\Administrator\Desktop\youpi\UPUPW_ANK_W64\WebRoot\Vhosts\weipan21/application/lang\zh-cn.php
[ info ] [ ROUTE ] array (
  'type' => 'module',
  'module' => 
  array (
    0 => 'index',
    1 => 'api',
    2 => 'allotorder',
  ),
)
[ info ] [ HEADER ] array (
  'cookie' => 'PHPSESSID=eqh6g23c8vfjunpambusbkp2l4; think_var=zh-cn',
  'accept-language' => 'zh-CN,zh;q=0.9',
  'accept-encoding' => 'gzip, deflate',
  'referer' => 'http://www.3b4y2.cn/coller.html',
  'user-agent' => 'Mozilla/5.0 (Windows NT 10.0; WOW64) AppleWebKit/537.36 (KHTML, like Gecko) Chrome/65.0.3325.181 Safari/537.36',
  'x-requested-with' => 'XMLHttpRequest',
  'accept' => '*/*',
  'connection' => 'close',
  'host' => 'www.3b4y2.cn',
)
[ info ] [ PARAM ] array (
  '/index/api/allotorder' => '',
)
[ info ] [ LANG ] C:\Users\Administrator\Desktop\youpi\UPUPW_ANK_W64\WebRoot\Vhosts\weipan21/application/index\lang\zh-cn.php
[ info ] [ DB ] INIT mysql
[ info ] [ RUN ] app\index\controller\Api->allotorder[ C:\Users\Administrator\Desktop\youpi\UPUPW_ANK_W64\WebRoot\Vhosts\weipan21\application\index\controller\Api.php ]
[ info ] [ DB ] INIT mysql
[ info ] [ LOG ] INIT File

---------------------------------------------------------------
[ 2019-04-20T22:00:52+08:00 ] 172.26.115.141 39.98.44.169 GET /index/api/order
[ log ] www.3b4y2.cn/index/api/order [运行时间：0.068513s][吞吐率：14.60req/s] [内存消耗：3,431.38kb] [文件加载：57]
[ info ] [ LANG ] C:\Users\Administrator\Desktop\youpi\UPUPW_ANK_W64\WebRoot\Vhosts\weipan21\thinkphp\lang\zh-cn.php
[ info ] [ LANG ] C:\Users\Administrator\Desktop\youpi\UPUPW_ANK_W64\WebRoot\Vhosts\weipan21/application/lang\zh-cn.php
[ info ] [ ROUTE ] array (
  'type' => 'module',
  'module' => 
  array (
    0 => 'index',
    1 => 'api',
    2 => 'order',
  ),
)
[ info ] [ HEADER ] array (
  'cookie' => 'PHPSESSID=eqh6g23c8vfjunpambusbkp2l4; think_var=zh-cn',
  'accept-language' => 'zh-CN,zh;q=0.9',
  'accept-encoding' => 'gzip, deflate',
  'referer' => 'http://www.3b4y2.cn/coller.html',
  'user-agent' => 'Mozilla/5.0 (Windows NT 10.0; WOW64) AppleWebKit/537.36 (KHTML, like Gecko) Chrome/65.0.3325.181 Safari/537.36',
  'x-requested-with' => 'XMLHttpRequest',
  'accept' => '*/*',
  'connection' => 'close',
  'host' => 'www.3b4y2.cn',
)
[ info ] [ PARAM ] array (
  '/index/api/order' => '',
)
[ info ] [ LANG ] C:\Users\Administrator\Desktop\youpi\UPUPW_ANK_W64\WebRoot\Vhosts\weipan21/application/index\lang\zh-cn.php
[ info ] [ DB ] INIT mysql
[ info ] [ RUN ] app\index\controller\Api->order[ C:\Users\Administrator\Desktop\youpi\UPUPW_ANK_W64\WebRoot\Vhosts\weipan21\application\index\controller\Api.php ]
[ info ] [ DB ] INIT mysql
[ info ] [ DB ] INIT mysql
[ info ] [ DB ] INIT mysql
[ info ] [ DB ] INIT mysql
[ info ] [ CACHE ] INIT File
[ info ] [ LOG ] INIT File

---------------------------------------------------------------
[ 2019-04-20T22:00:52+08:00 ] 172.26.115.141 39.98.44.169 GET /index/api/allotorder
[ log ] www.3b4y2.cn/index/api/allotorder [运行时间：0.053948s][吞吐率：18.54req/s] [内存消耗：3,268.48kb] [文件加载：54]
[ info ] [ LANG ] C:\Users\Administrator\Desktop\youpi\UPUPW_ANK_W64\WebRoot\Vhosts\weipan21\thinkphp\lang\zh-cn.php
[ info ] [ LANG ] C:\Users\Administrator\Desktop\youpi\UPUPW_ANK_W64\WebRoot\Vhosts\weipan21/application/lang\zh-cn.php
[ info ] [ ROUTE ] array (
  'type' => 'module',
  'module' => 
  array (
    0 => 'index',
    1 => 'api',
    2 => 'allotorder',
  ),
)
[ info ] [ HEADER ] array (
  'cookie' => 'PHPSESSID=eqh6g23c8vfjunpambusbkp2l4; think_var=zh-cn',
  'accept-language' => 'zh-CN,zh;q=0.9',
  'accept-encoding' => 'gzip, deflate',
  'referer' => 'http://www.3b4y2.cn/coller.html',
  'user-agent' => 'Mozilla/5.0 (Windows NT 10.0; WOW64) AppleWebKit/537.36 (KHTML, like Gecko) Chrome/65.0.3325.181 Safari/537.36',
  'x-requested-with' => 'XMLHttpRequest',
  'accept' => '*/*',
  'connection' => 'close',
  'host' => 'www.3b4y2.cn',
)
[ info ] [ PARAM ] array (
  '/index/api/allotorder' => '',
)
[ info ] [ LANG ] C:\Users\Administrator\Desktop\youpi\UPUPW_ANK_W64\WebRoot\Vhosts\weipan21/application/index\lang\zh-cn.php
[ info ] [ DB ] INIT mysql
[ info ] [ RUN ] app\index\controller\Api->allotorder[ C:\Users\Administrator\Desktop\youpi\UPUPW_ANK_W64\WebRoot\Vhosts\weipan21\application\index\controller\Api.php ]
[ info ] [ DB ] INIT mysql
[ info ] [ LOG ] INIT File

---------------------------------------------------------------
[ 2019-04-20T22:00:53+08:00 ] 172.26.115.141 39.98.44.169 GET /index/api/order
[ log ] www.3b4y2.cn/index/api/order [运行时间：0.074597s][吞吐率：13.41req/s] [内存消耗：3,431.38kb] [文件加载：57]
[ info ] [ LANG ] C:\Users\Administrator\Desktop\youpi\UPUPW_ANK_W64\WebRoot\Vhosts\weipan21\thinkphp\lang\zh-cn.php
[ info ] [ LANG ] C:\Users\Administrator\Desktop\youpi\UPUPW_ANK_W64\WebRoot\Vhosts\weipan21/application/lang\zh-cn.php
[ info ] [ ROUTE ] array (
  'type' => 'module',
  'module' => 
  array (
    0 => 'index',
    1 => 'api',
    2 => 'order',
  ),
)
[ info ] [ HEADER ] array (
  'cookie' => 'PHPSESSID=eqh6g23c8vfjunpambusbkp2l4; think_var=zh-cn',
  'accept-language' => 'zh-CN,zh;q=0.9',
  'accept-encoding' => 'gzip, deflate',
  'referer' => 'http://www.3b4y2.cn/coller.html',
  'user-agent' => 'Mozilla/5.0 (Windows NT 10.0; WOW64) AppleWebKit/537.36 (KHTML, like Gecko) Chrome/65.0.3325.181 Safari/537.36',
  'x-requested-with' => 'XMLHttpRequest',
  'accept' => '*/*',
  'connection' => 'close',
  'host' => 'www.3b4y2.cn',
)
[ info ] [ PARAM ] array (
  '/index/api/order' => '',
)
[ info ] [ LANG ] C:\Users\Administrator\Desktop\youpi\UPUPW_ANK_W64\WebRoot\Vhosts\weipan21/application/index\lang\zh-cn.php
[ info ] [ DB ] INIT mysql
[ info ] [ RUN ] app\index\controller\Api->order[ C:\Users\Administrator\Desktop\youpi\UPUPW_ANK_W64\WebRoot\Vhosts\weipan21\application\index\controller\Api.php ]
[ info ] [ DB ] INIT mysql
[ info ] [ DB ] INIT mysql
[ info ] [ DB ] INIT mysql
[ info ] [ DB ] INIT mysql
[ info ] [ CACHE ] INIT File
[ info ] [ LOG ] INIT File

---------------------------------------------------------------
[ 2019-04-20T22:00:53+08:00 ] 172.26.115.141 39.98.44.169 GET /index/api/allotorder
[ log ] www.3b4y2.cn/index/api/allotorder [运行时间：0.044935s][吞吐率：22.25req/s] [内存消耗：3,268.48kb] [文件加载：54]
[ info ] [ LANG ] C:\Users\Administrator\Desktop\youpi\UPUPW_ANK_W64\WebRoot\Vhosts\weipan21\thinkphp\lang\zh-cn.php
[ info ] [ LANG ] C:\Users\Administrator\Desktop\youpi\UPUPW_ANK_W64\WebRoot\Vhosts\weipan21/application/lang\zh-cn.php
[ info ] [ ROUTE ] array (
  'type' => 'module',
  'module' => 
  array (
    0 => 'index',
    1 => 'api',
    2 => 'allotorder',
  ),
)
[ info ] [ HEADER ] array (
  'cookie' => 'PHPSESSID=eqh6g23c8vfjunpambusbkp2l4; think_var=zh-cn',
  'accept-language' => 'zh-CN,zh;q=0.9',
  'accept-encoding' => 'gzip, deflate',
  'referer' => 'http://www.3b4y2.cn/coller.html',
  'user-agent' => 'Mozilla/5.0 (Windows NT 10.0; WOW64) AppleWebKit/537.36 (KHTML, like Gecko) Chrome/65.0.3325.181 Safari/537.36',
  'x-requested-with' => 'XMLHttpRequest',
  'accept' => '*/*',
  'connection' => 'close',
  'host' => 'www.3b4y2.cn',
)
[ info ] [ PARAM ] array (
  '/index/api/allotorder' => '',
)
[ info ] [ LANG ] C:\Users\Administrator\Desktop\youpi\UPUPW_ANK_W64\WebRoot\Vhosts\weipan21/application/index\lang\zh-cn.php
[ info ] [ DB ] INIT mysql
[ info ] [ RUN ] app\index\controller\Api->allotorder[ C:\Users\Administrator\Desktop\youpi\UPUPW_ANK_W64\WebRoot\Vhosts\weipan21\application\index\controller\Api.php ]
[ info ] [ DB ] INIT mysql
[ info ] [ LOG ] INIT File

---------------------------------------------------------------
[ 2019-04-20T22:00:54+08:00 ] 172.26.115.141 39.98.44.169 GET /index/api/allotorder
[ log ] www.3b4y2.cn/index/api/allotorder [运行时间：0.046703s][吞吐率：21.41req/s] [内存消耗：3,268.48kb] [文件加载：54]
[ info ] [ LANG ] C:\Users\Administrator\Desktop\youpi\UPUPW_ANK_W64\WebRoot\Vhosts\weipan21\thinkphp\lang\zh-cn.php
[ info ] [ LANG ] C:\Users\Administrator\Desktop\youpi\UPUPW_ANK_W64\WebRoot\Vhosts\weipan21/application/lang\zh-cn.php
[ info ] [ ROUTE ] array (
  'type' => 'module',
  'module' => 
  array (
    0 => 'index',
    1 => 'api',
    2 => 'allotorder',
  ),
)
[ info ] [ HEADER ] array (
  'cookie' => 'PHPSESSID=eqh6g23c8vfjunpambusbkp2l4; think_var=zh-cn',
  'accept-language' => 'zh-CN,zh;q=0.9',
  'accept-encoding' => 'gzip, deflate',
  'referer' => 'http://www.3b4y2.cn/coller.html',
  'user-agent' => 'Mozilla/5.0 (Windows NT 10.0; WOW64) AppleWebKit/537.36 (KHTML, like Gecko) Chrome/65.0.3325.181 Safari/537.36',
  'x-requested-with' => 'XMLHttpRequest',
  'accept' => '*/*',
  'connection' => 'close',
  'host' => 'www.3b4y2.cn',
)
[ info ] [ PARAM ] array (
  '/index/api/allotorder' => '',
)
[ info ] [ LANG ] C:\Users\Administrator\Desktop\youpi\UPUPW_ANK_W64\WebRoot\Vhosts\weipan21/application/index\lang\zh-cn.php
[ info ] [ DB ] INIT mysql
[ info ] [ RUN ] app\index\controller\Api->allotorder[ C:\Users\Administrator\Desktop\youpi\UPUPW_ANK_W64\WebRoot\Vhosts\weipan21\application\index\controller\Api.php ]
[ info ] [ DB ] INIT mysql
[ info ] [ LOG ] INIT File

---------------------------------------------------------------
[ 2019-04-20T22:00:54+08:00 ] 172.26.115.141 39.98.44.169 GET /index/api/order
[ log ] www.3b4y2.cn/index/api/order [运行时间：0.073128s][吞吐率：13.67req/s] [内存消耗：3,431.38kb] [文件加载：57]
[ info ] [ LANG ] C:\Users\Administrator\Desktop\youpi\UPUPW_ANK_W64\WebRoot\Vhosts\weipan21\thinkphp\lang\zh-cn.php
[ info ] [ LANG ] C:\Users\Administrator\Desktop\youpi\UPUPW_ANK_W64\WebRoot\Vhosts\weipan21/application/lang\zh-cn.php
[ info ] [ ROUTE ] array (
  'type' => 'module',
  'module' => 
  array (
    0 => 'index',
    1 => 'api',
    2 => 'order',
  ),
)
[ info ] [ HEADER ] array (
  'cookie' => 'PHPSESSID=eqh6g23c8vfjunpambusbkp2l4; think_var=zh-cn',
  'accept-language' => 'zh-CN,zh;q=0.9',
  'accept-encoding' => 'gzip, deflate',
  'referer' => 'http://www.3b4y2.cn/coller.html',
  'user-agent' => 'Mozilla/5.0 (Windows NT 10.0; WOW64) AppleWebKit/537.36 (KHTML, like Gecko) Chrome/65.0.3325.181 Safari/537.36',
  'x-requested-with' => 'XMLHttpRequest',
  'accept' => '*/*',
  'connection' => 'close',
  'host' => 'www.3b4y2.cn',
)
[ info ] [ PARAM ] array (
  '/index/api/order' => '',
)
[ info ] [ LANG ] C:\Users\Administrator\Desktop\youpi\UPUPW_ANK_W64\WebRoot\Vhosts\weipan21/application/index\lang\zh-cn.php
[ info ] [ DB ] INIT mysql
[ info ] [ RUN ] app\index\controller\Api->order[ C:\Users\Administrator\Desktop\youpi\UPUPW_ANK_W64\WebRoot\Vhosts\weipan21\application\index\controller\Api.php ]
[ info ] [ DB ] INIT mysql
[ info ] [ DB ] INIT mysql
[ info ] [ DB ] INIT mysql
[ info ] [ DB ] INIT mysql
[ info ] [ CACHE ] INIT File
[ info ] [ LOG ] INIT File

---------------------------------------------------------------
[ 2019-04-20T22:00:55+08:00 ] 172.26.115.141 39.98.44.169 GET /index/api/order
[ log ] www.3b4y2.cn/index/api/order [运行时间：0.072576s][吞吐率：13.78req/s] [内存消耗：3,431.38kb] [文件加载：57]
[ info ] [ LANG ] C:\Users\Administrator\Desktop\youpi\UPUPW_ANK_W64\WebRoot\Vhosts\weipan21\thinkphp\lang\zh-cn.php
[ info ] [ LANG ] C:\Users\Administrator\Desktop\youpi\UPUPW_ANK_W64\WebRoot\Vhosts\weipan21/application/lang\zh-cn.php
[ info ] [ ROUTE ] array (
  'type' => 'module',
  'module' => 
  array (
    0 => 'index',
    1 => 'api',
    2 => 'order',
  ),
)
[ info ] [ HEADER ] array (
  'cookie' => 'PHPSESSID=eqh6g23c8vfjunpambusbkp2l4; think_var=zh-cn',
  'accept-language' => 'zh-CN,zh;q=0.9',
  'accept-encoding' => 'gzip, deflate',
  'referer' => 'http://www.3b4y2.cn/coller.html',
  'user-agent' => 'Mozilla/5.0 (Windows NT 10.0; WOW64) AppleWebKit/537.36 (KHTML, like Gecko) Chrome/65.0.3325.181 Safari/537.36',
  'x-requested-with' => 'XMLHttpRequest',
  'accept' => '*/*',
  'connection' => 'close',
  'host' => 'www.3b4y2.cn',
)
[ info ] [ PARAM ] array (
  '/index/api/order' => '',
)
[ info ] [ LANG ] C:\Users\Administrator\Desktop\youpi\UPUPW_ANK_W64\WebRoot\Vhosts\weipan21/application/index\lang\zh-cn.php
[ info ] [ DB ] INIT mysql
[ info ] [ RUN ] app\index\controller\Api->order[ C:\Users\Administrator\Desktop\youpi\UPUPW_ANK_W64\WebRoot\Vhosts\weipan21\application\index\controller\Api.php ]
[ info ] [ DB ] INIT mysql
[ info ] [ DB ] INIT mysql
[ info ] [ DB ] INIT mysql
[ info ] [ DB ] INIT mysql
[ info ] [ CACHE ] INIT File
[ info ] [ LOG ] INIT File

---------------------------------------------------------------
[ 2019-04-20T22:00:55+08:00 ] 172.26.115.141 39.98.44.169 GET /index/api/allotorder
[ log ] www.3b4y2.cn/index/api/allotorder [运行时间：0.045055s][吞吐率：22.20req/s] [内存消耗：3,268.48kb] [文件加载：54]
[ info ] [ LANG ] C:\Users\Administrator\Desktop\youpi\UPUPW_ANK_W64\WebRoot\Vhosts\weipan21\thinkphp\lang\zh-cn.php
[ info ] [ LANG ] C:\Users\Administrator\Desktop\youpi\UPUPW_ANK_W64\WebRoot\Vhosts\weipan21/application/lang\zh-cn.php
[ info ] [ ROUTE ] array (
  'type' => 'module',
  'module' => 
  array (
    0 => 'index',
    1 => 'api',
    2 => 'allotorder',
  ),
)
[ info ] [ HEADER ] array (
  'cookie' => 'PHPSESSID=eqh6g23c8vfjunpambusbkp2l4; think_var=zh-cn',
  'accept-language' => 'zh-CN,zh;q=0.9',
  'accept-encoding' => 'gzip, deflate',
  'referer' => 'http://www.3b4y2.cn/coller.html',
  'user-agent' => 'Mozilla/5.0 (Windows NT 10.0; WOW64) AppleWebKit/537.36 (KHTML, like Gecko) Chrome/65.0.3325.181 Safari/537.36',
  'x-requested-with' => 'XMLHttpRequest',
  'accept' => '*/*',
  'connection' => 'close',
  'host' => 'www.3b4y2.cn',
)
[ info ] [ PARAM ] array (
  '/index/api/allotorder' => '',
)
[ info ] [ LANG ] C:\Users\Administrator\Desktop\youpi\UPUPW_ANK_W64\WebRoot\Vhosts\weipan21/application/index\lang\zh-cn.php
[ info ] [ DB ] INIT mysql
[ info ] [ RUN ] app\index\controller\Api->allotorder[ C:\Users\Administrator\Desktop\youpi\UPUPW_ANK_W64\WebRoot\Vhosts\weipan21\application\index\controller\Api.php ]
[ info ] [ DB ] INIT mysql
[ info ] [ LOG ] INIT File

---------------------------------------------------------------
[ 2019-04-20T22:00:56+08:00 ] 172.26.115.141 39.98.44.169 GET /index/api/order
[ log ] www.3b4y2.cn/index/api/order [运行时间：0.073315s][吞吐率：13.64req/s] [内存消耗：3,431.38kb] [文件加载：57]
[ info ] [ LANG ] C:\Users\Administrator\Desktop\youpi\UPUPW_ANK_W64\WebRoot\Vhosts\weipan21\thinkphp\lang\zh-cn.php
[ info ] [ LANG ] C:\Users\Administrator\Desktop\youpi\UPUPW_ANK_W64\WebRoot\Vhosts\weipan21/application/lang\zh-cn.php
[ info ] [ ROUTE ] array (
  'type' => 'module',
  'module' => 
  array (
    0 => 'index',
    1 => 'api',
    2 => 'order',
  ),
)
[ info ] [ HEADER ] array (
  'cookie' => 'PHPSESSID=eqh6g23c8vfjunpambusbkp2l4; think_var=zh-cn',
  'accept-language' => 'zh-CN,zh;q=0.9',
  'accept-encoding' => 'gzip, deflate',
  'referer' => 'http://www.3b4y2.cn/coller.html',
  'user-agent' => 'Mozilla/5.0 (Windows NT 10.0; WOW64) AppleWebKit/537.36 (KHTML, like Gecko) Chrome/65.0.3325.181 Safari/537.36',
  'x-requested-with' => 'XMLHttpRequest',
  'accept' => '*/*',
  'connection' => 'close',
  'host' => 'www.3b4y2.cn',
)
[ info ] [ PARAM ] array (
  '/index/api/order' => '',
)
[ info ] [ LANG ] C:\Users\Administrator\Desktop\youpi\UPUPW_ANK_W64\WebRoot\Vhosts\weipan21/application/index\lang\zh-cn.php
[ info ] [ DB ] INIT mysql
[ info ] [ RUN ] app\index\controller\Api->order[ C:\Users\Administrator\Desktop\youpi\UPUPW_ANK_W64\WebRoot\Vhosts\weipan21\application\index\controller\Api.php ]
[ info ] [ DB ] INIT mysql
[ info ] [ DB ] INIT mysql
[ info ] [ DB ] INIT mysql
[ info ] [ DB ] INIT mysql
[ info ] [ CACHE ] INIT File
[ info ] [ LOG ] INIT File

---------------------------------------------------------------
[ 2019-04-20T22:00:56+08:00 ] 172.26.115.141 39.98.44.169 GET /index/api/allotorder
[ log ] www.3b4y2.cn/index/api/allotorder [运行时间：0.046423s][吞吐率：21.54req/s] [内存消耗：3,268.48kb] [文件加载：54]
[ info ] [ LANG ] C:\Users\Administrator\Desktop\youpi\UPUPW_ANK_W64\WebRoot\Vhosts\weipan21\thinkphp\lang\zh-cn.php
[ info ] [ LANG ] C:\Users\Administrator\Desktop\youpi\UPUPW_ANK_W64\WebRoot\Vhosts\weipan21/application/lang\zh-cn.php
[ info ] [ ROUTE ] array (
  'type' => 'module',
  'module' => 
  array (
    0 => 'index',
    1 => 'api',
    2 => 'allotorder',
  ),
)
[ info ] [ HEADER ] array (
  'cookie' => 'PHPSESSID=eqh6g23c8vfjunpambusbkp2l4; think_var=zh-cn',
  'accept-language' => 'zh-CN,zh;q=0.9',
  'accept-encoding' => 'gzip, deflate',
  'referer' => 'http://www.3b4y2.cn/coller.html',
  'user-agent' => 'Mozilla/5.0 (Windows NT 10.0; WOW64) AppleWebKit/537.36 (KHTML, like Gecko) Chrome/65.0.3325.181 Safari/537.36',
  'x-requested-with' => 'XMLHttpRequest',
  'accept' => '*/*',
  'connection' => 'close',
  'host' => 'www.3b4y2.cn',
)
[ info ] [ PARAM ] array (
  '/index/api/allotorder' => '',
)
[ info ] [ LANG ] C:\Users\Administrator\Desktop\youpi\UPUPW_ANK_W64\WebRoot\Vhosts\weipan21/application/index\lang\zh-cn.php
[ info ] [ DB ] INIT mysql
[ info ] [ RUN ] app\index\controller\Api->allotorder[ C:\Users\Administrator\Desktop\youpi\UPUPW_ANK_W64\WebRoot\Vhosts\weipan21\application\index\controller\Api.php ]
[ info ] [ DB ] INIT mysql
[ info ] [ LOG ] INIT File

---------------------------------------------------------------
[ 2019-04-20T22:00:57+08:00 ] 172.26.115.141 39.98.44.169 GET /index/api/order
[ log ] www.3b4y2.cn/index/api/order [运行时间：0.073094s][吞吐率：13.68req/s] [内存消耗：3,431.38kb] [文件加载：57]
[ info ] [ LANG ] C:\Users\Administrator\Desktop\youpi\UPUPW_ANK_W64\WebRoot\Vhosts\weipan21\thinkphp\lang\zh-cn.php
[ info ] [ LANG ] C:\Users\Administrator\Desktop\youpi\UPUPW_ANK_W64\WebRoot\Vhosts\weipan21/application/lang\zh-cn.php
[ info ] [ ROUTE ] array (
  'type' => 'module',
  'module' => 
  array (
    0 => 'index',
    1 => 'api',
    2 => 'order',
  ),
)
[ info ] [ HEADER ] array (
  'cookie' => 'PHPSESSID=eqh6g23c8vfjunpambusbkp2l4; think_var=zh-cn',
  'accept-language' => 'zh-CN,zh;q=0.9',
  'accept-encoding' => 'gzip, deflate',
  'referer' => 'http://www.3b4y2.cn/coller.html',
  'user-agent' => 'Mozilla/5.0 (Windows NT 10.0; WOW64) AppleWebKit/537.36 (KHTML, like Gecko) Chrome/65.0.3325.181 Safari/537.36',
  'x-requested-with' => 'XMLHttpRequest',
  'accept' => '*/*',
  'connection' => 'close',
  'host' => 'www.3b4y2.cn',
)
[ info ] [ PARAM ] array (
  '/index/api/order' => '',
)
[ info ] [ LANG ] C:\Users\Administrator\Desktop\youpi\UPUPW_ANK_W64\WebRoot\Vhosts\weipan21/application/index\lang\zh-cn.php
[ info ] [ DB ] INIT mysql
[ info ] [ RUN ] app\index\controller\Api->order[ C:\Users\Administrator\Desktop\youpi\UPUPW_ANK_W64\WebRoot\Vhosts\weipan21\application\index\controller\Api.php ]
[ info ] [ DB ] INIT mysql
[ info ] [ DB ] INIT mysql
[ info ] [ DB ] INIT mysql
[ info ] [ DB ] INIT mysql
[ info ] [ CACHE ] INIT File
[ info ] [ LOG ] INIT File

---------------------------------------------------------------
[ 2019-04-20T22:00:57+08:00 ] 172.26.115.141 39.98.44.169 GET /index/api/allotorder
[ log ] www.3b4y2.cn/index/api/allotorder [运行时间：0.045394s][吞吐率：22.03req/s] [内存消耗：3,268.48kb] [文件加载：54]
[ info ] [ LANG ] C:\Users\Administrator\Desktop\youpi\UPUPW_ANK_W64\WebRoot\Vhosts\weipan21\thinkphp\lang\zh-cn.php
[ info ] [ LANG ] C:\Users\Administrator\Desktop\youpi\UPUPW_ANK_W64\WebRoot\Vhosts\weipan21/application/lang\zh-cn.php
[ info ] [ ROUTE ] array (
  'type' => 'module',
  'module' => 
  array (
    0 => 'index',
    1 => 'api',
    2 => 'allotorder',
  ),
)
[ info ] [ HEADER ] array (
  'cookie' => 'PHPSESSID=eqh6g23c8vfjunpambusbkp2l4; think_var=zh-cn',
  'accept-language' => 'zh-CN,zh;q=0.9',
  'accept-encoding' => 'gzip, deflate',
  'referer' => 'http://www.3b4y2.cn/coller.html',
  'user-agent' => 'Mozilla/5.0 (Windows NT 10.0; WOW64) AppleWebKit/537.36 (KHTML, like Gecko) Chrome/65.0.3325.181 Safari/537.36',
  'x-requested-with' => 'XMLHttpRequest',
  'accept' => '*/*',
  'connection' => 'close',
  'host' => 'www.3b4y2.cn',
)
[ info ] [ PARAM ] array (
  '/index/api/allotorder' => '',
)
[ info ] [ LANG ] C:\Users\Administrator\Desktop\youpi\UPUPW_ANK_W64\WebRoot\Vhosts\weipan21/application/index\lang\zh-cn.php
[ info ] [ DB ] INIT mysql
[ info ] [ RUN ] app\index\controller\Api->allotorder[ C:\Users\Administrator\Desktop\youpi\UPUPW_ANK_W64\WebRoot\Vhosts\weipan21\application\index\controller\Api.php ]
[ info ] [ DB ] INIT mysql
[ info ] [ LOG ] INIT File

---------------------------------------------------------------
[ 2019-04-20T22:01:11+08:00 ] 172.26.115.141 39.98.44.169 GET /index/api/order
[ log ] www.3b4y2.cn/index/api/order [运行时间：0.077260s][吞吐率：12.94req/s] [内存消耗：3,431.38kb] [文件加载：57]
[ info ] [ LANG ] C:\Users\Administrator\Desktop\youpi\UPUPW_ANK_W64\WebRoot\Vhosts\weipan21\thinkphp\lang\zh-cn.php
[ info ] [ LANG ] C:\Users\Administrator\Desktop\youpi\UPUPW_ANK_W64\WebRoot\Vhosts\weipan21/application/lang\zh-cn.php
[ info ] [ ROUTE ] array (
  'type' => 'module',
  'module' => 
  array (
    0 => 'index',
    1 => 'api',
    2 => 'order',
  ),
)
[ info ] [ HEADER ] array (
  'cookie' => 'PHPSESSID=eqh6g23c8vfjunpambusbkp2l4; think_var=zh-cn',
  'accept-language' => 'zh-CN,zh;q=0.9',
  'accept-encoding' => 'gzip, deflate',
  'referer' => 'http://www.3b4y2.cn/coller.html',
  'user-agent' => 'Mozilla/5.0 (Windows NT 10.0; WOW64) AppleWebKit/537.36 (KHTML, like Gecko) Chrome/65.0.3325.181 Safari/537.36',
  'x-requested-with' => 'XMLHttpRequest',
  'accept' => '*/*',
  'connection' => 'close',
  'host' => 'www.3b4y2.cn',
)
[ info ] [ PARAM ] array (
  '/index/api/order' => '',
)
[ info ] [ LANG ] C:\Users\Administrator\Desktop\youpi\UPUPW_ANK_W64\WebRoot\Vhosts\weipan21/application/index\lang\zh-cn.php
[ info ] [ DB ] INIT mysql
[ info ] [ RUN ] app\index\controller\Api->order[ C:\Users\Administrator\Desktop\youpi\UPUPW_ANK_W64\WebRoot\Vhosts\weipan21\application\index\controller\Api.php ]
[ info ] [ DB ] INIT mysql
[ info ] [ DB ] INIT mysql
[ info ] [ DB ] INIT mysql
[ info ] [ DB ] INIT mysql
[ info ] [ CACHE ] INIT File
[ info ] [ LOG ] INIT File

---------------------------------------------------------------
[ 2019-04-20T22:01:11+08:00 ] 172.26.115.141 39.98.44.169 GET /index/api/allotorder
[ log ] www.3b4y2.cn/index/api/allotorder [运行时间：0.060838s][吞吐率：16.44req/s] [内存消耗：3,268.48kb] [文件加载：54]
[ info ] [ LANG ] C:\Users\Administrator\Desktop\youpi\UPUPW_ANK_W64\WebRoot\Vhosts\weipan21\thinkphp\lang\zh-cn.php
[ info ] [ LANG ] C:\Users\Administrator\Desktop\youpi\UPUPW_ANK_W64\WebRoot\Vhosts\weipan21/application/lang\zh-cn.php
[ info ] [ ROUTE ] array (
  'type' => 'module',
  'module' => 
  array (
    0 => 'index',
    1 => 'api',
    2 => 'allotorder',
  ),
)
[ info ] [ HEADER ] array (
  'cookie' => 'PHPSESSID=eqh6g23c8vfjunpambusbkp2l4; think_var=zh-cn',
  'accept-language' => 'zh-CN,zh;q=0.9',
  'accept-encoding' => 'gzip, deflate',
  'referer' => 'http://www.3b4y2.cn/coller.html',
  'user-agent' => 'Mozilla/5.0 (Windows NT 10.0; WOW64) AppleWebKit/537.36 (KHTML, like Gecko) Chrome/65.0.3325.181 Safari/537.36',
  'x-requested-with' => 'XMLHttpRequest',
  'accept' => '*/*',
  'connection' => 'close',
  'host' => 'www.3b4y2.cn',
)
[ info ] [ PARAM ] array (
  '/index/api/allotorder' => '',
)
[ info ] [ LANG ] C:\Users\Administrator\Desktop\youpi\UPUPW_ANK_W64\WebRoot\Vhosts\weipan21/application/index\lang\zh-cn.php
[ info ] [ DB ] INIT mysql
[ info ] [ RUN ] app\index\controller\Api->allotorder[ C:\Users\Administrator\Desktop\youpi\UPUPW_ANK_W64\WebRoot\Vhosts\weipan21\application\index\controller\Api.php ]
[ info ] [ DB ] INIT mysql
[ info ] [ LOG ] INIT File

---------------------------------------------------------------
[ 2019-04-20T22:01:12+08:00 ] 172.26.115.141 39.98.44.169 GET /index/api/order
[ log ] www.3b4y2.cn/index/api/order [运行时间：0.073158s][吞吐率：13.67req/s] [内存消耗：3,431.38kb] [文件加载：57]
[ info ] [ LANG ] C:\Users\Administrator\Desktop\youpi\UPUPW_ANK_W64\WebRoot\Vhosts\weipan21\thinkphp\lang\zh-cn.php
[ info ] [ LANG ] C:\Users\Administrator\Desktop\youpi\UPUPW_ANK_W64\WebRoot\Vhosts\weipan21/application/lang\zh-cn.php
[ info ] [ ROUTE ] array (
  'type' => 'module',
  'module' => 
  array (
    0 => 'index',
    1 => 'api',
    2 => 'order',
  ),
)
[ info ] [ HEADER ] array (
  'cookie' => 'PHPSESSID=eqh6g23c8vfjunpambusbkp2l4; think_var=zh-cn',
  'accept-language' => 'zh-CN,zh;q=0.9',
  'accept-encoding' => 'gzip, deflate',
  'referer' => 'http://www.3b4y2.cn/coller.html',
  'user-agent' => 'Mozilla/5.0 (Windows NT 10.0; WOW64) AppleWebKit/537.36 (KHTML, like Gecko) Chrome/65.0.3325.181 Safari/537.36',
  'x-requested-with' => 'XMLHttpRequest',
  'accept' => '*/*',
  'connection' => 'close',
  'host' => 'www.3b4y2.cn',
)
[ info ] [ PARAM ] array (
  '/index/api/order' => '',
)
[ info ] [ LANG ] C:\Users\Administrator\Desktop\youpi\UPUPW_ANK_W64\WebRoot\Vhosts\weipan21/application/index\lang\zh-cn.php
[ info ] [ DB ] INIT mysql
[ info ] [ RUN ] app\index\controller\Api->order[ C:\Users\Administrator\Desktop\youpi\UPUPW_ANK_W64\WebRoot\Vhosts\weipan21\application\index\controller\Api.php ]
[ info ] [ DB ] INIT mysql
[ info ] [ DB ] INIT mysql
[ info ] [ DB ] INIT mysql
[ info ] [ DB ] INIT mysql
[ info ] [ CACHE ] INIT File
[ info ] [ LOG ] INIT File

---------------------------------------------------------------
[ 2019-04-20T22:01:12+08:00 ] 172.26.115.141 39.98.44.169 GET /index/api/allotorder
[ log ] www.3b4y2.cn/index/api/allotorder [运行时间：0.044957s][吞吐率：22.24req/s] [内存消耗：3,268.48kb] [文件加载：54]
[ info ] [ LANG ] C:\Users\Administrator\Desktop\youpi\UPUPW_ANK_W64\WebRoot\Vhosts\weipan21\thinkphp\lang\zh-cn.php
[ info ] [ LANG ] C:\Users\Administrator\Desktop\youpi\UPUPW_ANK_W64\WebRoot\Vhosts\weipan21/application/lang\zh-cn.php
[ info ] [ ROUTE ] array (
  'type' => 'module',
  'module' => 
  array (
    0 => 'index',
    1 => 'api',
    2 => 'allotorder',
  ),
)
[ info ] [ HEADER ] array (
  'cookie' => 'PHPSESSID=eqh6g23c8vfjunpambusbkp2l4; think_var=zh-cn',
  'accept-language' => 'zh-CN,zh;q=0.9',
  'accept-encoding' => 'gzip, deflate',
  'referer' => 'http://www.3b4y2.cn/coller.html',
  'user-agent' => 'Mozilla/5.0 (Windows NT 10.0; WOW64) AppleWebKit/537.36 (KHTML, like Gecko) Chrome/65.0.3325.181 Safari/537.36',
  'x-requested-with' => 'XMLHttpRequest',
  'accept' => '*/*',
  'connection' => 'close',
  'host' => 'www.3b4y2.cn',
)
[ info ] [ PARAM ] array (
  '/index/api/allotorder' => '',
)
[ info ] [ LANG ] C:\Users\Administrator\Desktop\youpi\UPUPW_ANK_W64\WebRoot\Vhosts\weipan21/application/index\lang\zh-cn.php
[ info ] [ DB ] INIT mysql
[ info ] [ RUN ] app\index\controller\Api->allotorder[ C:\Users\Administrator\Desktop\youpi\UPUPW_ANK_W64\WebRoot\Vhosts\weipan21\application\index\controller\Api.php ]
[ info ] [ DB ] INIT mysql
[ info ] [ LOG ] INIT File

---------------------------------------------------------------
[ 2019-04-20T22:01:13+08:00 ] 172.26.115.141 39.98.44.169 GET /index/api/order
[ log ] www.3b4y2.cn/index/api/order [运行时间：0.074945s][吞吐率：13.34req/s] [内存消耗：3,431.38kb] [文件加载：57]
[ info ] [ LANG ] C:\Users\Administrator\Desktop\youpi\UPUPW_ANK_W64\WebRoot\Vhosts\weipan21\thinkphp\lang\zh-cn.php
[ info ] [ LANG ] C:\Users\Administrator\Desktop\youpi\UPUPW_ANK_W64\WebRoot\Vhosts\weipan21/application/lang\zh-cn.php
[ info ] [ ROUTE ] array (
  'type' => 'module',
  'module' => 
  array (
    0 => 'index',
    1 => 'api',
    2 => 'order',
  ),
)
[ info ] [ HEADER ] array (
  'cookie' => 'PHPSESSID=eqh6g23c8vfjunpambusbkp2l4; think_var=zh-cn',
  'accept-language' => 'zh-CN,zh;q=0.9',
  'accept-encoding' => 'gzip, deflate',
  'referer' => 'http://www.3b4y2.cn/coller.html',
  'user-agent' => 'Mozilla/5.0 (Windows NT 10.0; WOW64) AppleWebKit/537.36 (KHTML, like Gecko) Chrome/65.0.3325.181 Safari/537.36',
  'x-requested-with' => 'XMLHttpRequest',
  'accept' => '*/*',
  'connection' => 'close',
  'host' => 'www.3b4y2.cn',
)
[ info ] [ PARAM ] array (
  '/index/api/order' => '',
)
[ info ] [ LANG ] C:\Users\Administrator\Desktop\youpi\UPUPW_ANK_W64\WebRoot\Vhosts\weipan21/application/index\lang\zh-cn.php
[ info ] [ DB ] INIT mysql
[ info ] [ RUN ] app\index\controller\Api->order[ C:\Users\Administrator\Desktop\youpi\UPUPW_ANK_W64\WebRoot\Vhosts\weipan21\application\index\controller\Api.php ]
[ info ] [ DB ] INIT mysql
[ info ] [ DB ] INIT mysql
[ info ] [ DB ] INIT mysql
[ info ] [ DB ] INIT mysql
[ info ] [ CACHE ] INIT File
[ info ] [ LOG ] INIT File

---------------------------------------------------------------
[ 2019-04-20T22:01:13+08:00 ] 172.26.115.141 39.98.44.169 GET /index/api/allotorder
[ log ] www.3b4y2.cn/index/api/allotorder [运行时间：0.048036s][吞吐率：20.82req/s] [内存消耗：3,268.48kb] [文件加载：54]
[ info ] [ LANG ] C:\Users\Administrator\Desktop\youpi\UPUPW_ANK_W64\WebRoot\Vhosts\weipan21\thinkphp\lang\zh-cn.php
[ info ] [ LANG ] C:\Users\Administrator\Desktop\youpi\UPUPW_ANK_W64\WebRoot\Vhosts\weipan21/application/lang\zh-cn.php
[ info ] [ ROUTE ] array (
  'type' => 'module',
  'module' => 
  array (
    0 => 'index',
    1 => 'api',
    2 => 'allotorder',
  ),
)
[ info ] [ HEADER ] array (
  'cookie' => 'PHPSESSID=eqh6g23c8vfjunpambusbkp2l4; think_var=zh-cn',
  'accept-language' => 'zh-CN,zh;q=0.9',
  'accept-encoding' => 'gzip, deflate',
  'referer' => 'http://www.3b4y2.cn/coller.html',
  'user-agent' => 'Mozilla/5.0 (Windows NT 10.0; WOW64) AppleWebKit/537.36 (KHTML, like Gecko) Chrome/65.0.3325.181 Safari/537.36',
  'x-requested-with' => 'XMLHttpRequest',
  'accept' => '*/*',
  'connection' => 'close',
  'host' => 'www.3b4y2.cn',
)
[ info ] [ PARAM ] array (
  '/index/api/allotorder' => '',
)
[ info ] [ LANG ] C:\Users\Administrator\Desktop\youpi\UPUPW_ANK_W64\WebRoot\Vhosts\weipan21/application/index\lang\zh-cn.php
[ info ] [ DB ] INIT mysql
[ info ] [ RUN ] app\index\controller\Api->allotorder[ C:\Users\Administrator\Desktop\youpi\UPUPW_ANK_W64\WebRoot\Vhosts\weipan21\application\index\controller\Api.php ]
[ info ] [ DB ] INIT mysql
[ info ] [ LOG ] INIT File

---------------------------------------------------------------
[ 2019-04-20T22:01:14+08:00 ] 172.26.115.141 39.98.44.169 GET /index/api/order
[ log ] www.3b4y2.cn/index/api/order [运行时间：0.065341s][吞吐率：15.30req/s] [内存消耗：3,431.38kb] [文件加载：57]
[ info ] [ LANG ] C:\Users\Administrator\Desktop\youpi\UPUPW_ANK_W64\WebRoot\Vhosts\weipan21\thinkphp\lang\zh-cn.php
[ info ] [ LANG ] C:\Users\Administrator\Desktop\youpi\UPUPW_ANK_W64\WebRoot\Vhosts\weipan21/application/lang\zh-cn.php
[ info ] [ ROUTE ] array (
  'type' => 'module',
  'module' => 
  array (
    0 => 'index',
    1 => 'api',
    2 => 'order',
  ),
)
[ info ] [ HEADER ] array (
  'cookie' => 'PHPSESSID=eqh6g23c8vfjunpambusbkp2l4; think_var=zh-cn',
  'accept-language' => 'zh-CN,zh;q=0.9',
  'accept-encoding' => 'gzip, deflate',
  'referer' => 'http://www.3b4y2.cn/coller.html',
  'user-agent' => 'Mozilla/5.0 (Windows NT 10.0; WOW64) AppleWebKit/537.36 (KHTML, like Gecko) Chrome/65.0.3325.181 Safari/537.36',
  'x-requested-with' => 'XMLHttpRequest',
  'accept' => '*/*',
  'connection' => 'close',
  'host' => 'www.3b4y2.cn',
)
[ info ] [ PARAM ] array (
  '/index/api/order' => '',
)
[ info ] [ LANG ] C:\Users\Administrator\Desktop\youpi\UPUPW_ANK_W64\WebRoot\Vhosts\weipan21/application/index\lang\zh-cn.php
[ info ] [ DB ] INIT mysql
[ info ] [ RUN ] app\index\controller\Api->order[ C:\Users\Administrator\Desktop\youpi\UPUPW_ANK_W64\WebRoot\Vhosts\weipan21\application\index\controller\Api.php ]
[ info ] [ DB ] INIT mysql
[ info ] [ DB ] INIT mysql
[ info ] [ DB ] INIT mysql
[ info ] [ DB ] INIT mysql
[ info ] [ CACHE ] INIT File
[ info ] [ LOG ] INIT File

---------------------------------------------------------------
[ 2019-04-20T22:01:14+08:00 ] 172.26.115.141 39.98.44.169 GET /index/api/allotorder
[ log ] www.3b4y2.cn/index/api/allotorder [运行时间：0.046658s][吞吐率：21.43req/s] [内存消耗：3,268.48kb] [文件加载：54]
[ info ] [ LANG ] C:\Users\Administrator\Desktop\youpi\UPUPW_ANK_W64\WebRoot\Vhosts\weipan21\thinkphp\lang\zh-cn.php
[ info ] [ LANG ] C:\Users\Administrator\Desktop\youpi\UPUPW_ANK_W64\WebRoot\Vhosts\weipan21/application/lang\zh-cn.php
[ info ] [ ROUTE ] array (
  'type' => 'module',
  'module' => 
  array (
    0 => 'index',
    1 => 'api',
    2 => 'allotorder',
  ),
)
[ info ] [ HEADER ] array (
  'cookie' => 'PHPSESSID=eqh6g23c8vfjunpambusbkp2l4; think_var=zh-cn',
  'accept-language' => 'zh-CN,zh;q=0.9',
  'accept-encoding' => 'gzip, deflate',
  'referer' => 'http://www.3b4y2.cn/coller.html',
  'user-agent' => 'Mozilla/5.0 (Windows NT 10.0; WOW64) AppleWebKit/537.36 (KHTML, like Gecko) Chrome/65.0.3325.181 Safari/537.36',
  'x-requested-with' => 'XMLHttpRequest',
  'accept' => '*/*',
  'connection' => 'close',
  'host' => 'www.3b4y2.cn',
)
[ info ] [ PARAM ] array (
  '/index/api/allotorder' => '',
)
[ info ] [ LANG ] C:\Users\Administrator\Desktop\youpi\UPUPW_ANK_W64\WebRoot\Vhosts\weipan21/application/index\lang\zh-cn.php
[ info ] [ DB ] INIT mysql
[ info ] [ RUN ] app\index\controller\Api->allotorder[ C:\Users\Administrator\Desktop\youpi\UPUPW_ANK_W64\WebRoot\Vhosts\weipan21\application\index\controller\Api.php ]
[ info ] [ DB ] INIT mysql
[ info ] [ LOG ] INIT File

---------------------------------------------------------------
